<?xml version="1.0" encoding="UTF-8"?>
<testsuite xmlns:xsi="http://www.w3.org/2001/XMLSchema-instance" xsi:noNamespaceSchemaLocation="https://maven.apache.org/surefire/maven-surefire-plugin/xsd/surefire-test-report-3.0.xsd" version="3.0" name="TestSuite" time="0.78" tests="5" errors="0" skipped="0" failures="0">
  <properties>
    <property name="sun.desktop" value="windows"/>
    <property name="awt.toolkit" value="sun.awt.windows.WToolkit"/>
    <property name="java.specification.version" value="11"/>
    <property name="sun.cpu.isalist" value="amd64"/>
    <property name="sun.jnu.encoding" value="Cp1252"/>
    <property name="java.class.path" value="C:\Users\UNIQUE\eclipse-workspace\AMAN\target\test-classes;C:\Users\UNIQUE\eclipse-workspace\AMAN\target\classes;C:\Users\UNIQUE\.m2\repository\org\testng\testng\7.5\testng-7.5.jar;C:\Users\UNIQUE\.m2\repository\com\google\code\findbugs\jsr305\3.0.1\jsr305-3.0.1.jar;C:\Users\UNIQUE\.m2\repository\org\slf4j\slf4j-api\1.7.32\slf4j-api-1.7.32.jar;C:\Users\UNIQUE\.m2\repository\com\beust\jcommander\1.78\jcommander-1.78.jar;C:\Users\UNIQUE\.m2\repository\org\webjars\jquery\3.5.1\jquery-3.5.1.jar;C:\Users\UNIQUE\.m2\repository\org\apache\maven\maven-plugin-api\3.8.4\maven-plugin-api-3.8.4.jar;C:\Users\UNIQUE\.m2\repository\org\apache\maven\maven-model\3.8.4\maven-model-3.8.4.jar;C:\Users\UNIQUE\.m2\repository\org\apache\maven\maven-artifact\3.8.4\maven-artifact-3.8.4.jar;C:\Users\UNIQUE\.m2\repository\org\apache\commons\commons-lang3\3.8.1\commons-lang3-3.8.1.jar;C:\Users\UNIQUE\.m2\repository\org\eclipse\sisu\org.eclipse.sisu.plexus\0.3.5\org.eclipse.sisu.plexus-0.3.5.jar;C:\Users\UNIQUE\.m2\repository\javax\annotation\javax.annotation-api\1.2\javax.annotation-api-1.2.jar;C:\Users\UNIQUE\.m2\repository\org\eclipse\sisu\org.eclipse.sisu.inject\0.3.5\org.eclipse.sisu.inject-0.3.5.jar;C:\Users\UNIQUE\.m2\repository\org\codehaus\plexus\plexus-component-annotations\1.5.5\plexus-component-annotations-1.5.5.jar;C:\Users\UNIQUE\.m2\repository\org\codehaus\plexus\plexus-utils\3.3.0\plexus-utils-3.3.0.jar;C:\Users\UNIQUE\.m2\repository\org\codehaus\plexus\plexus-classworlds\2.6.0\plexus-classworlds-2.6.0.jar;"/>
    <property name="java.vm.vendor" value="Oracle Corporation"/>
    <property name="sun.arch.data.model" value="64"/>
    <property name="user.variant" value=""/>
    <property name="java.vendor.url" value="https://openjdk.java.net/"/>
    <property name="user.timezone" value="Asia/Calcutta"/>
    <property name="java.vm.specification.version" value="11"/>
    <property name="os.name" value="Windows 11"/>
    <property name="sun.java.launcher" value="SUN_STANDARD"/>
    <property name="user.country" value="IN"/>
    <property name="sun.boot.library.path" value="C:\Program Files\Java\jdk-11.0.14\bin"/>
    <property name="sun.java.command" value="C:\Users\UNIQUE\AppData\Local\Temp\surefire11612652485692519938\surefirebooter8125769162498712068.jar C:\Users\UNIQUE\AppData\Local\Temp\surefire11612652485692519938 2022-03-12T10-31-40_399-jvmRun1 surefire16837212805553032170tmp surefire_014419188010095847252tmp"/>
    <property name="jdk.debug" value="release"/>
    <property name="surefire.test.class.path" value="C:\Users\UNIQUE\eclipse-workspace\AMAN\target\test-classes;C:\Users\UNIQUE\eclipse-workspace\AMAN\target\classes;C:\Users\UNIQUE\.m2\repository\org\testng\testng\7.5\testng-7.5.jar;C:\Users\UNIQUE\.m2\repository\com\google\code\findbugs\jsr305\3.0.1\jsr305-3.0.1.jar;C:\Users\UNIQUE\.m2\repository\org\slf4j\slf4j-api\1.7.32\slf4j-api-1.7.32.jar;C:\Users\UNIQUE\.m2\repository\com\beust\jcommander\1.78\jcommander-1.78.jar;C:\Users\UNIQUE\.m2\repository\org\webjars\jquery\3.5.1\jquery-3.5.1.jar;C:\Users\UNIQUE\.m2\repository\org\apache\maven\maven-plugin-api\3.8.4\maven-plugin-api-3.8.4.jar;C:\Users\UNIQUE\.m2\repository\org\apache\maven\maven-model\3.8.4\maven-model-3.8.4.jar;C:\Users\UNIQUE\.m2\repository\org\apache\maven\maven-artifact\3.8.4\maven-artifact-3.8.4.jar;C:\Users\UNIQUE\.m2\repository\org\apache\commons\commons-lang3\3.8.1\commons-lang3-3.8.1.jar;C:\Users\UNIQUE\.m2\repository\org\eclipse\sisu\org.eclipse.sisu.plexus\0.3.5\org.eclipse.sisu.plexus-0.3.5.jar;C:\Users\UNIQUE\.m2\repository\javax\annotation\javax.annotation-api\1.2\javax.annotation-api-1.2.jar;C:\Users\UNIQUE\.m2\repository\org\eclipse\sisu\org.eclipse.sisu.inject\0.3.5\org.eclipse.sisu.inject-0.3.5.jar;C:\Users\UNIQUE\.m2\repository\org\codehaus\plexus\plexus-component-annotations\1.5.5\plexus-component-annotations-1.5.5.jar;C:\Users\UNIQUE\.m2\repository\org\codehaus\plexus\plexus-utils\3.3.0\plexus-utils-3.3.0.jar;C:\Users\UNIQUE\.m2\repository\org\codehaus\plexus\plexus-classworlds\2.6.0\plexus-classworlds-2.6.0.jar;"/>
    <property name="sun.cpu.endian" value="little"/>
    <property name="user.home" value="C:\Users\UNIQUE"/>
    <property name="user.language" value="en"/>
    <property name="java.specification.vendor" value="Oracle Corporation"/>
    <property name="java.version.date" value="2022-01-18"/>
    <property name="java.home" value="C:\Program Files\Java\jdk-11.0.14"/>
    <property name="file.separator" value="\"/>
    <property name="basedir" value="C:\Users\UNIQUE\eclipse-workspace\AMAN"/>
    <property name="java.vm.compressedOopsMode" value="32-bit"/>
    <property name="line.separator" value="&#10;"/>
    <property name="java.specification.name" value="Java Platform API Specification"/>
    <property name="java.vm.specification.vendor" value="Oracle Corporation"/>
    <property name="java.awt.graphicsenv" value="sun.awt.Win32GraphicsEnvironment"/>
    <property name="surefire.real.class.path" value="C:\Users\UNIQUE\AppData\Local\Temp\surefire11612652485692519938\surefirebooter8125769162498712068.jar"/>
    <property name="user.script" value=""/>
    <property name="sun.management.compiler" value="HotSpot 64-Bit Tiered Compilers"/>
    <property name="java.runtime.version" value="11.0.14+8-LTS-263"/>
    <property name="user.name" value="UNIQUE"/>
    <property name="path.separator" value=";"/>
    <property name="os.version" value="10.0"/>
    <property name="java.runtime.name" value="Java(TM) SE Runtime Environment"/>
    <property name="file.encoding" value="Cp1252"/>
    <property name="java.vm.name" value="Java HotSpot(TM) 64-Bit Server VM"/>
    <property name="java.vendor.version" value="18.9"/>
    <property name="localRepository" value="C:\Users\UNIQUE\.m2\repository"/>
    <property name="java.vendor.url.bug" value="https://bugreport.java.com/bugreport/"/>
    <property name="java.io.tmpdir" value="C:\Users\UNIQUE\AppData\Local\Temp\"/>
    <property name="java.version" value="11.0.14"/>
    <property name="user.dir" value="C:\Users\UNIQUE\eclipse-workspace\AMAN"/>
    <property name="os.arch" value="amd64"/>
    <property name="java.vm.specification.name" value="Java Virtual Machine Specification"/>
    <property name="java.awt.printerjob" value="sun.awt.windows.WPrinterJob"/>
    <property name="sun.os.patch.level" value=""/>
    <property name="java.library.path" value="C:\Program Files\Java\jdk-11.0.14\bin;C:\windows\Sun\Java\bin;C:\windows\system32;C:\windows;C:\Program Files\Java\jdk-11.0.14\bin;C:\apache-maven-3.8.4\bin;C:\Program Files\nodejs;C:\Program Files\nodejs\node_modules\npm\bin;C:\ProgramData\chocolatey\bin;C:\Users\UNIQUE\AppData\Local\Android\Sdk;C:\Users\UNIQUE\AppData\Local\Android\Sdk\platform-tools;C:\Users\UNIQUE\AppData\Local\Android\Sdk\tools\bin;C:\Users\UNIQUE\AppData\Local\Android\Sdk\tools;C:\Program Files\Android\Android Studio\lib;C:\Users\UNIQUE\AppData\Roaming\npm\node_modules\appium\node_modules\appium-adb\lib;C:\Program Files\MySQL\MySQL Shell 8.0\bin\;C:\Users\UNIQUE\AppData\Local\Programs\Python\Python310\Scripts\;C:\Users\UNIQUE\AppData\Local\Programs\Python\Python310\;C:\Users\UNIQUE\AppData\Local\Microsoft\WindowsApps;C:\Users\UNIQUE\AppData\Local\Programs\Microsoft VS Code\bin;C:\Users\UNIQUE\AppData\Roaming\npm;C:\Users\UNIQUE\AppData\Local\Android\Sdk\platform-tools;C:\Users\UNIQUE\AppData\Local\Android\Sdk\tools\bin;C:\Users\UNIQUE\AppData\Local\Android\Sdk\tools;;."/>
    <property name="java.vendor" value="Oracle Corporation"/>
    <property name="java.vm.info" value="mixed mode"/>
    <property name="java.vm.version" value="11.0.14+8-LTS-263"/>
    <property name="sun.io.unicode.encoding" value="UnicodeLittle"/>
    <property name="java.class.version" value="55.0"/>
  </properties>
  <testcase name="AmaZON" classname="Com.Mpahsis.NewTest" time="0.005">
    <system-out><![CDATA[Amazon 
]]></system-out>
    <system-err><![CDATA[SLF4J: Failed to load class "org.slf4j.impl.StaticLoggerBinder".
SLF4J: Defaulting to no-operation (NOP) logger implementation
SLF4J: See http://www.slf4j.org/codes.html#StaticLoggerBinder for further details.
]]></system-err>
  </testcase>
  <testcase name="Andriod" classname="Com.Mpahsis.NewTest" time="0">
    <system-out><![CDATA[30
]]></system-out>
  </testcase>
  <testcase name="Mobile" classname="Com.Mpahsis.NewTest" time="0.001">
    <system-out><![CDATA[Hello
aman aman aman
]]></system-out>
  </testcase>
  <testcase name="Flipkart" classname="Com.Mpahsis.NewTest2" time="0.001">
    <system-out><![CDATA[Filipkarty
]]></system-out>
  </testcase>
  <testcase name="Google" classname="Com.Mpahsis.NewTest2" time="0.001">
    <system-out><![CDATA[Hello google
namana
]]></system-out>
  </testcase>
</testsuite>