<?xml version="1.0" encoding="UTF-8"?>
<!-- Generated by org.testng.reporters.JUnitReportReporter -->
<testsuite hostname="LAPTOP-O932CINS" failures="0" tests="3" name="Com.Mpahsis.NewTest" time="0.012" errors="0" timestamp="2022-03-12T10:31:09 IST" skipped="0">
  <testcase classname="Com.Mpahsis.NewTest" name="AmaZON" time="0.009"/>
  <system-out/>
  <testcase classname="Com.Mpahsis.NewTest" name="Mobile" time="0.002"/>
  <system-out/>
  <testcase classname="Com.Mpahsis.NewTest" name="Andriod" time="0.001"/>
  <system-out/>
</testsuite> <!-- Com.Mpahsis.NewTest -->
