<?xml version="1.0" encoding="UTF-8"?>
<!-- Generated by org.testng.reporters.JUnitReportReporter -->
<testsuite hostname="LAPTOP-O932CINS" failures="0" tests="2" name="Com.Mpahsis.NewTest2" time="0.001" errors="0" timestamp="2022-03-12T10:31:42 IST" skipped="0">
  <testcase classname="Com.Mpahsis.NewTest2" name="Flipkart" time="0.001"/>
  <system-out/>
  <testcase classname="Com.Mpahsis.NewTest2" name="Google" time="0.000"/>
  <system-out/>
</testsuite> <!-- Com.Mpahsis.NewTest2 -->
